#
# There is insufficient memory for the Java Runtime Environment to continue.
# Native memory allocation (mmap) failed to map 65536 bytes. Error detail: Failed to commit metaspace.
# Possible reasons:
#   The system is out of physical RAM or swap space
#   This process is running with CompressedOops enabled, and the Java Heap may be blocking the growth of the native heap
# Possible solutions:
#   Reduce memory load on the system
#   Increase physical memory or swap space
#   Check if swap backing store is full
#   Decrease Java heap size (-Xmx/-Xms)
#   Decrease number of Java threads
#   Decrease Java thread stack sizes (-Xss)
#   Set larger code cache with -XX:ReservedCodeCacheSize=
#   JVM is running with Unscaled Compressed Oops mode in which the Java heap is
#     placed in the first 4GB address space. The Java Heap base address is the
#     maximum limit for the native heap growth. Please use -XX:HeapBaseMinAddress
#     to set the Java Heap base and to place the Java Heap above 4GB virtual address.
# This output file may be truncated or incomplete.
#
#  Out of Memory Error (virtualSpaceNode.cpp:110), pid=8372, tid=1128
#
# JRE version: OpenJDK Runtime Environment Temurin-17.0.13+11 (17.0.13+11) (build 17.0.13+11)
# Java VM: OpenJDK 64-Bit Server VM Temurin-17.0.13+11 (17.0.13+11, mixed mode, tiered, compressed oops, compressed class ptrs, g1 gc, windows-amd64)
# No core dump will be written. Minidumps are not enabled by default on client versions of Windows
#

---------------  S U M M A R Y ------------

Command Line: -Dapplication.home=c:\Users\HP\.vscode\extensions\redhat.java-1.37.0-win32-x64\jre\17.0.13-win32-x86_64 -Xms8m -Djdk.module.main=jdk.jcmd jdk.jcmd/sun.tools.jcmd.JCmd 4308 VM.uptime

Host: Intel(R) Core(TM) i5-7200U CPU @ 2.50GHz, 4 cores, 7G,  Windows 10 , 64 bit Build 19041 (10.0.19041.5072)
Time: Tue Dec 10 12:27:13 2024 India Standard Time elapsed time: 0.120060 seconds (0d 0h 0m 0s)

---------------  T H R E A D  ---------------

Current thread (0x0000025a498cc900):  JavaThread "main" [_thread_in_vm, id=1128, stack(0x000000c6fa100000,0x000000c6fa200000)]

Stack: [0x000000c6fa100000,0x000000c6fa200000]
Native frames: (J=compiled Java code, j=interpreted, Vv=VM code, C=native code)
V  [jvm.dll+0x682a19]
V  [jvm.dll+0x839538]
V  [jvm.dll+0x83afe3]
V  [jvm.dll+0x83b653]
V  [jvm.dll+0x24704f]
V  [jvm.dll+0x83530d]
V  [jvm.dll+0x62762e]
V  [jvm.dll+0x62769a]
V  [jvm.dll+0x629ec3]
V  [jvm.dll+0x627ff6]
V  [jvm.dll+0x23c260]
V  [jvm.dll+0x1e9687]
V  [jvm.dll+0x1df251]
V  [jvm.dll+0x54611b]
V  [jvm.dll+0x1efdda]
V  [jvm.dll+0x7b243b]
V  [jvm.dll+0x7b3859]
V  [jvm.dll+0x7b3bb8]
V  [jvm.dll+0x23eb4b]
V  [jvm.dll+0x23edaf]
V  [jvm.dll+0x564628]
V  [jvm.dll+0x567547]
V  [jvm.dll+0x385424]
V  [jvm.dll+0x384a7f]
C  0x0000025a53aba523

The last pc belongs to invokestatic (printed below).
Java frames: (J=compiled Java code, j=interpreted, Vv=VM code)
j  jdk.internal.module.ModuleBootstrap.boot()Ljava/lang/ModuleLayer;+0 java.base
j  java.lang.System.initPhase2(ZZ)I+0 java.base
v  ~StubRoutines::call_stub
invokestatic  184 invokestatic  [0x0000025a53aba480, 0x0000025a53aba760]  736 bytes
[MachCode]
  0x0000025a53aba480: 4883 ec08 | c5fa 1104 | 24eb 1f48 | 83ec 10c5 | fb11 0424 | eb14 4883 | ec10 4889 | 0424 48c7 
  0x0000025a53aba4a0: 4424 0800 | 0000 00eb | 0150 4c89 | 6dc0 410f | b755 0148 | 8b4d d0c1 | e202 8b5c | d120 c1eb 
  0x0000025a53aba4c0: 1081 e3ff | 0000 0081 | fbb8 0000 | 000f 84b6 | 0000 00bb | b800 0000 | e805 0000 | 00e9 9b00 
  0x0000025a53aba4e0: 0000 488b | d348 8d44 | 2408 4c89 | 6dc0 498b | cfc5 f877 | 4989 afa8 | 0200 0049 | 8987 9802 
  0x0000025a53aba500: 0000 4883 | ec20 f7c4 | 0f00 0000 | 0f84 1a00 | 0000 4883 | ec08 49ba | 104a d378 | fb7f 0000 
  0x0000025a53aba520: 41ff d248 | 83c4 08e9 | 0d00 0000 | 49ba 104a | d378 fb7f | 0000 41ff | d248 83c4 | 2049 c787 
  0x0000025a53aba540: 9802 0000 | 0000 0000 | 49c7 87a8 | 0200 0000 | 0000 0049 | c787 a002 | 0000 0000 | 0000 c5f8 
  0x0000025a53aba560: 7749 817f | 0800 0000 | 000f 8405 | 0000 00e9 | 8c69 feff | 4c8b 6dc0 | 4c8b 75c8 | c341 0fb7 
  0x0000025a53aba580: 5501 488b | 4dd0 c1e2 | 0248 8b5c | d128 488b | 5b08 488b | 5b08 488b | 5b18 80bb | 3301 0000 
  0x0000025a53aba5a0: 040f 840d | 0000 004c | 3bbb 3801 | 0000 0f85 | 1fff ffff | 488b 5cd1 | 288b 54d1 | 38c1 ea1c 
  0x0000025a53aba5c0: 49ba 10f6 | 5579 fb7f | 0000 498b | 14d2 5248 | 8b45 d848 | 85c0 0f84 | 1200 0000 | 4883 4008 
  0x0000025a53aba5e0: 0148 8358 | 0800 4883 | c010 4889 | 45d8 488b | 45d8 4885 | c00f 8445 | 0100 0080 | 78f0 0a0f 
  0x0000025a53aba600: 853b 0100 | 0048 83c0 | 084c 8b68 | f841 83ed | 0041 83fd | 020f 8c1a | 0100 004c | 8b6b 0845 
  0x0000025a53aba620: 0fb7 6d2c | 4c2b 2841 | 83ed 014e | 8b6c ec08 | 4d85 ed75 | 1248 f740 | 0801 0000 | 0075 58f0 
  0x0000025a53aba640: 4883 4808 | 01eb 5045 | 8b6d 0849 | c1e5 034d | 8bd5 4c33 | 6808 49f7 | c5fc ffff | ff74 3849 
  0x0000025a53aba660: f7c5 0200 | 0000 752f | 4881 7808 | 0000 0000 | 7421 4881 | 7808 0100 | 0000 7417 | 4d8b ea4c 
  0x0000025a53aba680: 3368 0849 | f7c5 fcff | ffff 740b | 4883 4808 | 02eb 044c | 8968 0848 | 83c0 104c | 8b68 e841 
  0x0000025a53aba6a0: 83ed 0241 | 83fd 020f | 8c88 0000 | 004c 8b6b | 0845 0fb7 | 6d2c 4c2b | 2841 83ed | 014e 8b6c 
  0x0000025a53aba6c0: ec08 4d85 | ed75 1248 | f740 0801 | 0000 0075 | 58f0 4883 | 4808 01eb | 5045 8b6d | 0849 c1e5 
  0x0000025a53aba6e0: 034d 8bd5 | 4c33 6808 | 49f7 c5fc | ffff ff74 | 3849 f7c5 | 0200 0000 | 752f 4881 | 7808 0000 
  0x0000025a53aba700: 0000 7421 | 4881 7808 | 0100 0000 | 7417 4d8b | ea4c 3368 | 0849 f7c5 | fcff ffff | 740b 4883 
  0x0000025a53aba720: 4808 02eb | 044c 8968 | 0848 83c0 | 104c 8b68 | d841 83ed | 0441 c1e5 | 0349 03c5 | 4889 45d8 
  0x0000025a53aba740: 4c8d 6c24 | 084c 896d | f0ff 6350 | 0f1f 4000 | 0000 0000 | 0000 0000 | 0000 0000 | 0000 0000 
[/MachCode]

---------------  P R O C E S S  ---------------

Threads class SMR info:
_java_thread_list=0x0000025a62583cd0, length=10, elements={
0x0000025a498cc900, 0x0000025a62576730, 0x0000025a62578980, 0x0000025a625a0910,
0x0000025a625a47f0, 0x0000025a625a55c0, 0x0000025a625a5f80, 0x0000025a625ac180,
0x0000025a625b4c40, 0x0000025a625d1240
}

Java Threads: ( => current thread )
=>0x0000025a498cc900 JavaThread "main" [_thread_in_vm, id=1128, stack(0x000000c6fa100000,0x000000c6fa200000)]
  0x0000025a62576730 JavaThread "Reference Handler" daemon [_thread_blocked, id=11476, stack(0x000000c6fa800000,0x000000c6fa900000)]
  0x0000025a62578980 JavaThread "Finalizer" daemon [_thread_blocked, id=17988, stack(0x000000c6fa900000,0x000000c6faa00000)]
  0x0000025a625a0910 JavaThread "Signal Dispatcher" daemon [_thread_blocked, id=22404, stack(0x000000c6faa00000,0x000000c6fab00000)]
  0x0000025a625a47f0 JavaThread "Attach Listener" daemon [_thread_blocked, id=14244, stack(0x000000c6fab00000,0x000000c6fac00000)]
  0x0000025a625a55c0 JavaThread "Service Thread" daemon [_thread_blocked, id=20060, stack(0x000000c6fac00000,0x000000c6fad00000)]
  0x0000025a625a5f80 JavaThread "Monitor Deflation Thread" daemon [_thread_blocked, id=21216, stack(0x000000c6fad00000,0x000000c6fae00000)]
  0x0000025a625ac180 JavaThread "C2 CompilerThread0" daemon [_thread_blocked, id=11836, stack(0x000000c6fae00000,0x000000c6faf00000)]
  0x0000025a625b4c40 JavaThread "C1 CompilerThread0" daemon [_thread_blocked, id=12588, stack(0x000000c6faf00000,0x000000c6fb000000)]
  0x0000025a625d1240 JavaThread "Sweeper thread" daemon [_thread_blocked, id=10404, stack(0x000000c6fb000000,0x000000c6fb100000)]

Other Threads:
  0x0000025a625617b0 VMThread "VM Thread" [stack: 0x000000c6fa700000,0x000000c6fa800000] [id=18300]
  0x0000025a49926170 GCTaskThread "GC Thread#0" [stack: 0x000000c6fa200000,0x000000c6fa300000] [id=6916]
  0x0000025a49936e40 ConcurrentGCThread "G1 Main Marker" [stack: 0x000000c6fa300000,0x000000c6fa400000] [id=24792]
  0x0000025a49938000 ConcurrentGCThread "G1 Conc#0" [stack: 0x000000c6fa400000,0x000000c6fa500000] [id=26340]
  0x0000025a49950bd0 ConcurrentGCThread "G1 Refine#0" [stack: 0x000000c6fa500000,0x000000c6fa600000] [id=17708]
  0x0000025a49951600 ConcurrentGCThread "G1 Service" [stack: 0x000000c6fa600000,0x000000c6fa700000] [id=7924]

Threads with active compile tasks:

VM state: not at safepoint (normal execution)

VM Mutex/Monitor currently owned by a thread:  ([mutex/lock_event])
[0x0000025a498c6a20] Metaspace_lock - owner thread: 0x0000025a498cc900

Heap address: 0x0000000081400000, size: 2028 MB, Compressed Oops mode: 32-bit

CDS archive(s) not mapped
Compressed class space mapped at: 0x0000000100000000-0x0000000140000000, reserved size: 1073741824
Narrow klass base: 0x0000000000000000, Narrow klass shift: 3, Narrow klass range: 0x140000000

GC Precious Log:
 CPUs: 4 total, 4 available
 Memory: 8108M
 Large Page Support: Disabled
 NUMA Support: Disabled
 Compressed Oops: Enabled (32-bit)
 Heap Region Size: 1M
 Heap Min Capacity: 8M
 Heap Initial Capacity: 8M
 Heap Max Capacity: 2028M
 Pre-touch: Disabled
 Parallel Workers: 4
 Concurrent Workers: 1
 Concurrent Refinement Workers: 4
 Periodic GC: Disabled

Heap:
 garbage-first heap   total 8192K, used 0K [0x0000000081400000, 0x0000000100000000)
  region size 1024K, 1 young (1024K), 0 survivors (0K)
 Metaspace       used 2449K, committed 2496K, reserved 1114112K
  class space    used 210K, committed 256K, reserved 1048576K

Heap Regions: E=young(eden), S=young(survivor), O=old, HS=humongous(starts), HC=humongous(continues), CS=collection set, F=free, OA=open archive, CA=closed archive, TAMS=top-at-mark-start (previous, next)
|   0|0x0000000081400000, 0x0000000081400000, 0x0000000081500000|  0%| F|  |TAMS 0x0000000081400000, 0x0000000081400000| Untracked 
|   1|0x0000000081500000, 0x0000000081500000, 0x0000000081600000|  0%| F|  |TAMS 0x0000000081500000, 0x0000000081500000| Untracked 
|   2|0x0000000081600000, 0x0000000081600000, 0x0000000081700000|  0%| F|  |TAMS 0x0000000081600000, 0x0000000081600000| Untracked 
|   3|0x0000000081700000, 0x0000000081700000, 0x0000000081800000|  0%| F|  |TAMS 0x0000000081700000, 0x0000000081700000| Untracked 
|   4|0x0000000081800000, 0x0000000081800000, 0x0000000081900000|  0%| F|  |TAMS 0x0000000081800000, 0x0000000081800000| Untracked 
|   5|0x0000000081900000, 0x0000000081900000, 0x0000000081a00000|  0%| F|  |TAMS 0x0000000081900000, 0x0000000081900000| Untracked 
|   6|0x0000000081a00000, 0x0000000081a00000, 0x0000000081b00000|  0%| F|  |TAMS 0x0000000081a00000, 0x0000000081a00000| Untracked 
|   7|0x0000000081b00000, 0x0000000081b41a70, 0x0000000081c00000| 25%| E|  |TAMS 0x0000000081b00000, 0x0000000081b00000| Complete 

Card table byte_map: [0x0000025a5b970000,0x0000025a5bd70000] _byte_map_base: 0x0000025a5b566000

Marking Bits (Prev, Next): (CMBitMap*) 0x0000025a49926790, (CMBitMap*) 0x0000025a499267d0
 Prev Bits: [0x0000025a5c170000, 0x0000025a5e120000)
 Next Bits: [0x0000025a5e120000, 0x0000025a600d0000)

Polling page: 0x0000025a49090000

Metaspace:

Usage:
  Non-class:      2.19 MB used.
      Class:    210.09 KB used.
       Both:      2.39 MB used.

Virtual space:
  Non-class space:       64.00 MB reserved,       2.19 MB (  3%) committed,  1 nodes.
      Class space:        1.00 GB reserved,     256.00 KB ( <1%) committed,  1 nodes.
             Both:        1.06 GB reserved,       2.44 MB ( <1%) committed. 

Chunk freelists:
   Non-Class:  12.00 MB
       Class:  15.75 MB
        Both:  27.75 MB

MaxMetaspaceSize: unlimited
CompressedClassSpaceSize: 1.00 GB
Initial GC threshold: 21.00 MB
Current GC threshold: 21.00 MB
CDS: off
MetaspaceReclaimPolicy: balanced
 - commit_granule_bytes: 65536.
 - commit_granule_words: 8192.
 - virtual_space_node_default_size: 8388608.
 - enlarge_chunks_in_place: 1.
 - new_chunks_are_fully_committed: 0.
 - uncommit_free_chunks: 1.
 - use_allocation_guard: 0.
 - handle_deallocations: 1.


Internal statistics:

num_allocs_failed_limit: 0.
num_arena_births: 2.
num_arena_deaths: 0.
num_vsnodes_births: 2.
num_vsnodes_deaths: 0.
num_space_committed: 39.
num_space_uncommitted: 0.
num_chunks_returned_to_freelist: 0.
num_chunks_taken_from_freelist: 3.
num_chunk_merges: 0.
num_chunk_splits: 2.
num_chunks_enlarged: 0.
num_inconsistent_stats: 0.

CodeHeap 'non-profiled nmethods': size=120000Kb used=0Kb max_used=0Kb free=120000Kb
 bounds [0x0000025a54040000, 0x0000025a542b0000, 0x0000025a5b570000]
CodeHeap 'profiled nmethods': size=120000Kb used=3Kb max_used=3Kb free=119996Kb
 bounds [0x0000025a4c570000, 0x0000025a4c7e0000, 0x0000025a53aa0000]
CodeHeap 'non-nmethods': size=5760Kb used=1018Kb max_used=1031Kb free=4741Kb
 bounds [0x0000025a53aa0000, 0x0000025a53d10000, 0x0000025a54040000]
 total_blobs=272 nmethods=2 adapters=184
 compilation: enabled
              stopped_count=0, restarted_count=0
 full_count=0

Compilation events (4 events):
Event: 0.110 Thread 0x0000025a625b4c40    1       3       java.lang.String::charAt (25 bytes)
Event: 0.111 Thread 0x0000025a625b4c40 nmethod 1 0x0000025a4c570010 code [0x0000025a4c570200, 0x0000025a4c570718]
Event: 0.111 Thread 0x0000025a625b4c40    2       3       java.lang.StringLatin1::charAt (28 bytes)
Event: 0.111 Thread 0x0000025a625b4c40 nmethod 2 0x0000025a4c570910 code [0x0000025a4c570ac0, 0x0000025a4c570ca8]

GC Heap History (0 events):
No events

Dll operation events (1 events):
Event: 0.013 Loaded shared library c:\Users\HP\.vscode\extensions\redhat.java-1.37.0-win32-x64\jre\17.0.13-win32-x86_64\bin\java.dll

Deoptimization events (0 events):
No events

Classes loaded (20 events):
Event: 0.107 Loading class jdk/internal/module/ModuleBootstrap done
Event: 0.107 Loading class java/lang/module/ModuleDescriptor
Event: 0.108 Loading class java/lang/module/ModuleDescriptor done
Event: 0.108 Loading class sun/invoke/util/VerifyAccess
Event: 0.108 Loading class sun/invoke/util/VerifyAccess done
Event: 0.108 Loading class java/lang/module/ModuleDescriptor$1
Event: 0.108 Loading class jdk/internal/access/JavaLangModuleAccess
Event: 0.108 Loading class jdk/internal/access/JavaLangModuleAccess done
Event: 0.108 Loading class java/lang/module/ModuleDescriptor$1 done
Event: 0.109 Loading class java/io/File
Event: 0.109 Loading class java/io/File done
Event: 0.109 Loading class java/io/DefaultFileSystem
Event: 0.109 Loading class java/io/DefaultFileSystem done
Event: 0.109 Loading class java/io/WinNTFileSystem
Event: 0.109 Loading class java/io/FileSystem
Event: 0.110 Loading class java/io/FileSystem done
Event: 0.110 Loading class java/io/WinNTFileSystem done
Event: 0.110 Loading class jdk/internal/module/ModulePatcher
Event: 0.111 Loading class jdk/internal/module/ModulePatcher done
Event: 0.111 Loading class jdk/internal/module/ModuleBootstrap$Counters

Classes unloaded (0 events):
No events

Classes redefined (0 events):
No events

Internal exceptions (0 events):
No events

VM Operations (0 events):
No events

Memory protections (0 events):
No events

Nmethod flushes (0 events):
No events

Events (10 events):
Event: 0.053 Thread 0x0000025a498cc900 Thread added: 0x0000025a498cc900
Event: 0.070 Thread 0x0000025a498cc900 Thread added: 0x0000025a62576730
Event: 0.071 Thread 0x0000025a498cc900 Thread added: 0x0000025a62578980
Event: 0.104 Thread 0x0000025a498cc900 Thread added: 0x0000025a625a0910
Event: 0.104 Thread 0x0000025a498cc900 Thread added: 0x0000025a625a47f0
Event: 0.104 Thread 0x0000025a498cc900 Thread added: 0x0000025a625a55c0
Event: 0.104 Thread 0x0000025a498cc900 Thread added: 0x0000025a625a5f80
Event: 0.105 Thread 0x0000025a498cc900 Thread added: 0x0000025a625ac180
Event: 0.105 Thread 0x0000025a498cc900 Thread added: 0x0000025a625b4c40
Event: 0.105 Thread 0x0000025a498cc900 Thread added: 0x0000025a625d1240


Dynamic libraries:
0x00007ff6abb50000 - 0x00007ff6abb58000 	c:\Users\HP\.vscode\extensions\redhat.java-1.37.0-win32-x64\jre\17.0.13-win32-x86_64\bin\jcmd.exe
0x00007ffbfcf70000 - 0x00007ffbfd168000 	C:\WINDOWS\SYSTEM32\ntdll.dll
0x00007ffbfc240000 - 0x00007ffbfc302000 	C:\WINDOWS\System32\KERNEL32.DLL
0x00007ffbfa6b0000 - 0x00007ffbfa9ae000 	C:\WINDOWS\System32\KERNELBASE.dll
0x00007ffbfaa90000 - 0x00007ffbfab90000 	C:\WINDOWS\System32\ucrtbase.dll
0x00007ffbcfe80000 - 0x00007ffbcfe9e000 	c:\Users\HP\.vscode\extensions\redhat.java-1.37.0-win32-x64\jre\17.0.13-win32-x86_64\bin\VCRUNTIME140.dll
0x00007ffbd18c0000 - 0x00007ffbd18d7000 	c:\Users\HP\.vscode\extensions\redhat.java-1.37.0-win32-x64\jre\17.0.13-win32-x86_64\bin\jli.dll
0x00007ffbfba90000 - 0x00007ffbfbc2d000 	C:\WINDOWS\System32\USER32.dll
0x00007ffbdb750000 - 0x00007ffbdb9ea000 	C:\WINDOWS\WinSxS\amd64_microsoft.windows.common-controls_6595b64144ccf1df_6.0.19041.4355_none_60b8b9eb71f62e16\COMCTL32.dll
0x00007ffbfa680000 - 0x00007ffbfa6a2000 	C:\WINDOWS\System32\win32u.dll
0x00007ffbfb470000 - 0x00007ffbfb50e000 	C:\WINDOWS\System32\msvcrt.dll
0x00007ffbfcf00000 - 0x00007ffbfcf2b000 	C:\WINDOWS\System32\GDI32.dll
0x00007ffbfadd0000 - 0x00007ffbfaee7000 	C:\WINDOWS\System32\gdi32full.dll
0x00007ffbfaef0000 - 0x00007ffbfaf8d000 	C:\WINDOWS\System32\msvcp_win.dll
0x00007ffbfb690000 - 0x00007ffbfb6bf000 	C:\WINDOWS\System32\IMM32.DLL
0x00007ffbebc90000 - 0x00007ffbebc9c000 	c:\Users\HP\.vscode\extensions\redhat.java-1.37.0-win32-x64\jre\17.0.13-win32-x86_64\bin\vcruntime140_1.dll
0x00007ffbc3ff0000 - 0x00007ffbc407d000 	c:\Users\HP\.vscode\extensions\redhat.java-1.37.0-win32-x64\jre\17.0.13-win32-x86_64\bin\msvcp140.dll
0x00007ffb789b0000 - 0x00007ffb7961b000 	c:\Users\HP\.vscode\extensions\redhat.java-1.37.0-win32-x64\jre\17.0.13-win32-x86_64\bin\server\jvm.dll
0x00007ffbfca80000 - 0x00007ffbfcb31000 	C:\WINDOWS\System32\ADVAPI32.dll
0x00007ffbfc060000 - 0x00007ffbfc0ff000 	C:\WINDOWS\System32\sechost.dll
0x00007ffbfc110000 - 0x00007ffbfc233000 	C:\WINDOWS\System32\RPCRT4.dll
0x00007ffbfab90000 - 0x00007ffbfabb7000 	C:\WINDOWS\System32\bcrypt.dll
0x00007ffbfb400000 - 0x00007ffbfb46b000 	C:\WINDOWS\System32\WS2_32.dll
0x00007ffbe5110000 - 0x00007ffbe5137000 	C:\WINDOWS\SYSTEM32\WINMM.dll
0x00007ffbf9b50000 - 0x00007ffbf9b9b000 	C:\WINDOWS\SYSTEM32\POWRPROF.dll
0x00007ffbec190000 - 0x00007ffbec19a000 	C:\WINDOWS\SYSTEM32\VERSION.dll
0x00007ffbf9a10000 - 0x00007ffbf9a22000 	C:\WINDOWS\SYSTEM32\UMPDC.dll
0x00007ffbf8e80000 - 0x00007ffbf8e92000 	C:\WINDOWS\SYSTEM32\kernel.appcore.dll
0x00007ffbe53d0000 - 0x00007ffbe53da000 	c:\Users\HP\.vscode\extensions\redhat.java-1.37.0-win32-x64\jre\17.0.13-win32-x86_64\bin\jimage.dll
0x00007ffbf8b60000 - 0x00007ffbf8d44000 	C:\WINDOWS\SYSTEM32\DBGHELP.DLL
0x00007ffbe9390000 - 0x00007ffbe93c4000 	C:\WINDOWS\SYSTEM32\dbgcore.DLL
0x00007ffbfa9b0000 - 0x00007ffbfaa32000 	C:\WINDOWS\System32\bcryptPrimitives.dll
0x00007ffbc9c20000 - 0x00007ffbc9c45000 	c:\Users\HP\.vscode\extensions\redhat.java-1.37.0-win32-x64\jre\17.0.13-win32-x86_64\bin\java.dll
0x00007ffbcfc90000 - 0x00007ffbcfca8000 	c:\Users\HP\.vscode\extensions\redhat.java-1.37.0-win32-x64\jre\17.0.13-win32-x86_64\bin\zip.dll
0x00007ffbfc310000 - 0x00007ffbfca7d000 	C:\WINDOWS\System32\SHELL32.dll
0x00007ffbf82e0000 - 0x00007ffbf8a84000 	C:\WINDOWS\SYSTEM32\windows.storage.dll
0x00007ffbfcba0000 - 0x00007ffbfcef3000 	C:\WINDOWS\System32\combase.dll
0x00007ffbfa040000 - 0x00007ffbfa06e000 	C:\WINDOWS\SYSTEM32\Wldp.dll
0x00007ffbfbe60000 - 0x00007ffbfbf2d000 	C:\WINDOWS\System32\OLEAUT32.dll
0x00007ffbfbda0000 - 0x00007ffbfbe4d000 	C:\WINDOWS\System32\SHCORE.dll
0x00007ffbfba30000 - 0x00007ffbfba85000 	C:\WINDOWS\System32\shlwapi.dll
0x00007ffbfa540000 - 0x00007ffbfa564000 	C:\WINDOWS\SYSTEM32\profapi.dll

dbghelp: loaded successfully - version: 4.0.5 - missing functions: none
symbol engine: initialized successfully - sym options: 0x614 - pdb path: .;c:\Users\HP\.vscode\extensions\redhat.java-1.37.0-win32-x64\jre\17.0.13-win32-x86_64\bin;C:\WINDOWS\SYSTEM32;C:\WINDOWS\WinSxS\amd64_microsoft.windows.common-controls_6595b64144ccf1df_6.0.19041.4355_none_60b8b9eb71f62e16;c:\Users\HP\.vscode\extensions\redhat.java-1.37.0-win32-x64\jre\17.0.13-win32-x86_64\bin\server

VM Arguments:
jvm_args: -Dapplication.home=c:\Users\HP\.vscode\extensions\redhat.java-1.37.0-win32-x64\jre\17.0.13-win32-x86_64 -Xms8m -Djdk.module.main=jdk.jcmd 
java_command: jdk.jcmd/sun.tools.jcmd.JCmd 4308 VM.uptime
java_class_path (initial): <not set>
Launcher Type: SUN_STANDARD

[Global flags]
     intx CICompilerCount                          = 3                                         {product} {ergonomic}
     uint ConcGCThreads                            = 1                                         {product} {ergonomic}
     uint G1ConcRefinementThreads                  = 4                                         {product} {ergonomic}
   size_t G1HeapRegionSize                         = 1048576                                   {product} {ergonomic}
    uintx GCDrainStackTargetSize                   = 64                                        {product} {ergonomic}
   size_t InitialHeapSize                          = 8388608                                   {product} {command line}
   size_t MarkStackSize                            = 4194304                                   {product} {ergonomic}
   size_t MaxHeapSize                              = 2126512128                                {product} {ergonomic}
   size_t MaxNewSize                               = 1275068416                                {product} {ergonomic}
   size_t MinHeapDeltaBytes                        = 1048576                                   {product} {ergonomic}
   size_t MinHeapSize                              = 8388608                                   {product} {command line}
    uintx NonNMethodCodeHeapSize                   = 5832780                                {pd product} {ergonomic}
    uintx NonProfiledCodeHeapSize                  = 122912730                              {pd product} {ergonomic}
    uintx ProfiledCodeHeapSize                     = 122912730                              {pd product} {ergonomic}
    uintx ReservedCodeCacheSize                    = 251658240                              {pd product} {ergonomic}
     bool SegmentedCodeCache                       = true                                      {product} {ergonomic}
   size_t SoftMaxHeapSize                          = 2126512128                             {manageable} {ergonomic}
     bool UseCompressedClassPointers               = true                           {product lp64_product} {ergonomic}
     bool UseCompressedOops                        = true                           {product lp64_product} {ergonomic}
     bool UseG1GC                                  = true                                      {product} {ergonomic}
     bool UseLargePagesIndividualAllocation        = false                                  {pd product} {ergonomic}

Logging:
Log output configuration:
 #0: stdout all=warning uptime,level,tags
 #1: stderr all=off uptime,level,tags

Environment Variables:
PATH=C:\Program Files\Common Files\Oracle\Java\javapath;C:\WINDOWS\system32;C:\WINDOWS;C:\WINDOWS\System32\Wbem;C:\WINDOWS\System32\WindowsPowerShell\v1.0\;C:\WINDOWS\System32\OpenSSH\;C:\Program Files\Git\cmd;C:\Program Files\Microsoft SQL Server\150\Tools\Binn\;C:\Program Files\Microsoft SQL Server\Client SDK\ODBC\170\Tools\Binn\;C:\Program Files\dotnet\;C:\Program Files (x86)\Windows Kits\10\Windows Performance Toolkit\;C:\Program Files\nodejs\;C:\Program Files\MySQL\MySQL Shell 8.0\bin\;C:\Users\HP\AppData\Local\Microsoft\WindowsApps;C:\Users\HP\AppData\Local\Programs\Microsoft VS Code\bin;C:\Program Files\Java\jdk-22;;C:\Users\HP\AppData\Local\Programs\Fiddler;C:\Users\HP\AppData\Local\Programs\mongosh\;C:\Users\HP\.dotnet\tools;C:\Users\HP\AppData\Roaming\npm
USERNAME=HP
OS=Windows_NT
PROCESSOR_IDENTIFIER=Intel64 Family 6 Model 142 Stepping 9, GenuineIntel
TMP=C:\Users\HP\AppData\Local\Temp
TEMP=C:\Users\HP\AppData\Local\Temp



Periodic native trim disabled


---------------  S Y S T E M  ---------------

OS:
 Windows 10 , 64 bit Build 19041 (10.0.19041.5072)
OS uptime: 26 days 15:48 hours

CPU: total 4 (initial active 4) (2 cores per cpu, 2 threads per core) family 6 model 142 stepping 9 microcode 0xb4, cx8, cmov, fxsr, ht, mmx, 3dnowpref, sse, sse2, sse3, ssse3, sse4.1, sse4.2, popcnt, lzcnt, tsc, tscinvbit, avx, avx2, aes, erms, clmul, bmi1, bmi2, adx, fma, vzeroupper, clflush, clflushopt
Processor Information for all 4 processors :
  Max Mhz: 2701, Current Mhz: 2701, Mhz Limit: 2701

Memory: 4k page, system-wide physical 8108M (418M free)
TotalPageFile size 26715M (AvailPageFile size 0M)
current process WorkingSet (physical memory assigned to process): 23M, peak: 23M
current process commit charge ("private bytes"): 66M, peak: 66M

vm_info: OpenJDK 64-Bit Server VM (17.0.13+11) for windows-amd64 JRE (17.0.13+11), built on Oct 16 2024 00:10:08 by "admin" with MS VC++ 17.7 (VS2022)

END.
